
--------------------------------------------------
TXLib соболезнует...

Программа: C:\Users\user\Desktop\project2\Untitled1.exe, файл: C:\Users\user\TX\TXLib.h, строка: 10719, функция: bool {anonymous}::TX::txLine(double, double, double, double, HDC),

Сообщение: Обнаружен нулевой или ложный результат.

#1: TXLib [Ver: 00173a, Rev: 105], Instance: 0x005032C0 (32-bit), Flags: CMdRe0, Thread: 0x24B4 (Main). 

--------------------------------------------------
Стек вызовов:

# 0 0x0041AD1D in C:\Users\user\Desktop\project2\Untitled1.exe: txLine() at C:/Users/user/TX/TXLib.h (10719)

# 1 0x004277AF in C:\Users\user\Desktop\project2\Untitled1.exe: txdrawGrafics() at C:/Users/user/Desktop/project2/filipplib.h (143):

    141: 
    142:        // txCircle (grX, grY, radius);
=>  143:         txLine (oldX, oldY, grX, grY);
    144: 
    145:         oldX = grX;

# 2 0x0042847E in C:\Users\user\Desktop\project2\Untitled1.exe: buildGrafics() at C:/Users/user/Desktop/project2/Untitled1.cpp (136):

    134: 
    135: 
=>  136:             txdrawGrafics (-50, 50, object [numberOfGrafic].grafic, WHITE, 0.1, 5, kF/*, n*/);
    137:             }
    138: 

# 3 0x00428110 in C:\Users\user\Desktop\project2\Untitled1.exe: main() at C:/Users/user/Desktop/project2/Untitled1.cpp (54):

     52: 
     53:     txCreateWindow (1350, 700);
=>   54:     buildGrafics (desk, book);
     55:     }
     56: 

--------------------------------------------------
Стек вызовов TX:

# 0 in bool {anonymous}::TX::txLine(double, double, double, double, HDC) at C:\Users\user\TX\TXLib.h (10719):

  10717: 
  10718: $   txGDI ((Win32::MoveToEx (dc, ROUND (x0), ROUND (y0), NULL)), dc) asserted;
=>10719: $   txGDI ((Win32::LineTo   (dc, ROUND (x1), ROUND (y1)      )), dc) asserted;
  10720: 
  10721: $   return true;

# 1 in void txdrawGrafics(double, double, double (*)(double, const double*), COLORREF (*)(), double, double, const double*) at C:\Users\user\Desktop\project2\filipplib.h (143):

    141: 
    142:        // txCircle (grX, grY, radius);
=>  143:         txLine (oldX, oldY, grX, grY);
    144: 
    145:         oldX = grX;

--------------------------------------------------
Developed with:

The Dumb Artist Library (TX Library) - TXLib [Ver: 00173a, Rev: 105]
Copyright (C) Ded (Ilya Dedinsky, http://txlib.ru) <mail@txlib.ru>
See license on: http://txlib.ru

TXLib file:	C:\Users\user\TX\TXLib.h
Compiled:	Nov 14 2017 18:10:00, GNU g++ 4.8.1, std=201103L, MinGW Runtime 3.20, 32-bit, DEBUG
Started:	Nov 14 2017 18:10:07

Run file:	C:\Users\user\Desktop\project2\Untitled1.exe
Directory:	C:\Users\user\Desktop\project2

--------------------------------------------------

--------------------------------------------------
TXLib соболезнует...

Программа: C:\Users\user\Desktop\project2\Untitled1.exe, файл: C:\Users\user\TX\TXLib.h, строка: 10719, функция: bool {anonymous}::TX::txLine(double, double, double, double, HDC),

Сообщение: Обнаружен нулевой или ложный результат.

#1: TXLib [Ver: 00173a, Rev: 105], Instance: 0x005032C0 (32-bit), Flags: CMdRe0, Thread: 0x12DC (Main). 

--------------------------------------------------
Стек вызовов:

# 0 0x0041AD1D in C:\Users\user\Desktop\project2\Untitled1.exe: txLine() at C:/Users/user/TX/TXLib.h (10719)

# 1 0x004277AF in C:\Users\user\Desktop\project2\Untitled1.exe: txdrawGrafics() at C:/Users/user/Desktop/project2/filipplib.h (143):

    141: 
    142:        // txCircle (grX, grY, radius);
=>  143:         txLine (oldX, oldY, grX, grY);
    144: 
    145:         oldX = grX;

# 2 0x0042847E in C:\Users\user\Desktop\project2\Untitled1.exe: buildGrafics() at C:/Users/user/Desktop/project2/Untitled1.cpp (137):

    135: 
    136: 
=>  137:             txdrawGrafics (-50, 50, object [numberOfGrafic].grafic, WHITE, 0.1, 5, kF/*, n*/);
    138:             }
    139: 

# 3 0x00428110 in C:\Users\user\Desktop\project2\Untitled1.exe: main() at C:/Users/user/Desktop/project2/Untitled1.cpp (53):

     51: 
     52:     txCreateWindow (1350, 700);
=>   53:     buildGrafics (desk, book);
     54:     }
     55: 

--------------------------------------------------
Стек вызовов TX:

# 0 in bool {anonymous}::TX::txLine(double, double, double, double, HDC) at C:\Users\user\TX\TXLib.h (10719):

  10717: 
  10718: $   txGDI ((Win32::MoveToEx (dc, ROUND (x0), ROUND (y0), NULL)), dc) asserted;
=>10719: $   txGDI ((Win32::LineTo   (dc, ROUND (x1), ROUND (y1)      )), dc) asserted;
  10720: 
  10721: $   return true;

# 1 in void txdrawGrafics(double, double, double (*)(double, const double*), COLORREF (*)(), double, double, const double*) at C:\Users\user\Desktop\project2\filipplib.h (143):

    141: 
    142:        // txCircle (grX, grY, radius);
=>  143:         txLine (oldX, oldY, grX, grY);
    144: 
    145:         oldX = grX;

--------------------------------------------------
Developed with:

The Dumb Artist Library (TX Library) - TXLib [Ver: 00173a, Rev: 105]
Copyright (C) Ded (Ilya Dedinsky, http://txlib.ru) <mail@txlib.ru>
See license on: http://txlib.ru

TXLib file:	C:\Users\user\TX\TXLib.h
Compiled:	Nov 14 2017 18:32:37, GNU g++ 4.8.1, std=201103L, MinGW Runtime 3.20, 32-bit, DEBUG
Started:	Nov 14 2017 18:33:21

Run file:	C:\Users\user\Desktop\project2\Untitled1.exe
Directory:	C:\Users\user\Desktop\project2

--------------------------------------------------
